<?xml version="1.0" encoding="UTF-8"?>
<!-- Generated by org.testng.reporters.JUnitReportReporter -->
<testsuite name="top.yangluotong.ssm.dao.ClassDaoTest" tests="1" time="0.007" ignored="0" failures="0" timestamp="14 Apr 2018 18:04:52 GMT" skipped="0" hostname="corsicadeMacBook-Pro.local" errors="0">
  <testcase name="testSelectAll" time="0.007" classname="top.yangluotong.ssm.dao.ClassDaoTest"/>
</testsuite> <!-- top.yangluotong.ssm.dao.ClassDaoTest -->
